<?xml version="1.0" encoding="UTF-8"?>
<testng-results ignored="0" total="12" passed="9" failed="3" skipped="0">
  <reporter-output>
  </reporter-output>
  <suite started-at="2020-12-14T10:38:22Z" name="Default suite" finished-at="2020-12-14T10:45:15Z" duration-ms="412810">
    <groups>
    </groups>
    <test started-at="2020-12-14T10:38:22Z" name="Default test" finished-at="2020-12-14T10:45:15Z" duration-ms="412810">
      <class name="Features.TestRunner">
        <test-method is-config="true" signature="setUpClass()[pri:0, instance:Features.TestRunner@74a6f9c1]" started-at="2020-12-14T10:38:22Z" name="setUpClass" finished-at="2020-12-14T10:38:22Z" duration-ms="116" status="PASS">
          <reporter-output>
          </reporter-output>
        </test-method> <!-- setUpClass -->
        <test-method signature="feature(cucumber.api.testng.PickleEventWrapper, cucumber.api.testng.CucumberFeatureWrapper)[pri:0, instance:Features.TestRunner@74a6f9c1]" started-at="2020-12-14T10:38:22Z" name="feature" data-provider="features" finished-at="2020-12-14T10:38:47Z" duration-ms="25170" status="PASS">
          <params>
            <param index="0">
              <value>
                <![CDATA["Employee should be added with all required field"]]>
              </value>
            </param>
            <param index="1">
              <value>
                <![CDATA["Add Employee"]]>
              </value>
            </param>
          </params>
          <reporter-output>
          </reporter-output>
        </test-method> <!-- feature -->
        <test-method signature="feature(cucumber.api.testng.PickleEventWrapper, cucumber.api.testng.CucumberFeatureWrapper)[pri:0, instance:Features.TestRunner@74a6f9c1]" started-at="2020-12-14T10:38:47Z" name="feature" data-provider="features" finished-at="2020-12-14T10:39:12Z" duration-ms="24359" status="PASS">
          <params>
            <param index="0">
              <value>
                <![CDATA["Show required message when required fields are not filled"]]>
              </value>
            </param>
            <param index="1">
              <value>
                <![CDATA["Add Employee"]]>
              </value>
            </param>
          </params>
          <reporter-output>
          </reporter-output>
        </test-method> <!-- feature -->
        <test-method signature="feature(cucumber.api.testng.PickleEventWrapper, cucumber.api.testng.CucumberFeatureWrapper)[pri:0, instance:Features.TestRunner@74a6f9c1]" started-at="2020-12-14T10:39:12Z" name="feature" data-provider="features" finished-at="2020-12-14T10:39:52Z" duration-ms="40155" status="PASS">
          <params>
            <param index="0">
              <value>
                <![CDATA["Employee image should be added with correct format and size"]]>
              </value>
            </param>
            <param index="1">
              <value>
                <![CDATA["Add Employee"]]>
              </value>
            </param>
          </params>
          <reporter-output>
          </reporter-output>
        </test-method> <!-- feature -->
        <test-method signature="feature(cucumber.api.testng.PickleEventWrapper, cucumber.api.testng.CucumberFeatureWrapper)[pri:0, instance:Features.TestRunner@74a6f9c1]" started-at="2020-12-14T10:39:52Z" name="feature" data-provider="features" finished-at="2020-12-14T10:41:02Z" duration-ms="70042" status="PASS">
          <params>
            <param index="0">
              <value>
                <![CDATA["Employee image should not be added with incorrect format or size"]]>
              </value>
            </param>
            <param index="1">
              <value>
                <![CDATA["Add Employee"]]>
              </value>
            </param>
          </params>
          <reporter-output>
          </reporter-output>
        </test-method> <!-- feature -->
        <test-method signature="feature(cucumber.api.testng.PickleEventWrapper, cucumber.api.testng.CucumberFeatureWrapper)[pri:0, instance:Features.TestRunner@74a6f9c1]" started-at="2020-12-14T10:41:02Z" name="feature" data-provider="features" finished-at="2020-12-14T10:41:38Z" duration-ms="36088" status="PASS">
          <params>
            <param index="0">
              <value>
                <![CDATA["In create login credential username should be accepted"]]>
              </value>
            </param>
            <param index="1">
              <value>
                <![CDATA["Add Employee"]]>
              </value>
            </param>
          </params>
          <reporter-output>
          </reporter-output>
        </test-method> <!-- feature -->
        <test-method signature="feature(cucumber.api.testng.PickleEventWrapper, cucumber.api.testng.CucumberFeatureWrapper)[pri:0, instance:Features.TestRunner@74a6f9c1]" started-at="2020-12-14T10:41:38Z" name="feature" data-provider="features" finished-at="2020-12-14T10:42:13Z" duration-ms="34684" status="PASS">
          <params>
            <param index="0">
              <value>
                <![CDATA["In create login credential username should be accepted"]]>
              </value>
            </param>
            <param index="1">
              <value>
                <![CDATA["Add Employee"]]>
              </value>
            </param>
          </params>
          <reporter-output>
          </reporter-output>
        </test-method> <!-- feature -->
        <test-method signature="feature(cucumber.api.testng.PickleEventWrapper, cucumber.api.testng.CucumberFeatureWrapper)[pri:0, instance:Features.TestRunner@74a6f9c1]" started-at="2020-12-14T10:42:13Z" name="feature" data-provider="features" finished-at="2020-12-14T10:42:38Z" duration-ms="25474" status="PASS">
          <params>
            <param index="0">
              <value>
                <![CDATA["In create login credential username of less than five character should not be accepted"]]>
              </value>
            </param>
            <param index="1">
              <value>
                <![CDATA["Add Employee"]]>
              </value>
            </param>
          </params>
          <reporter-output>
          </reporter-output>
        </test-method> <!-- feature -->
        <test-method signature="feature(cucumber.api.testng.PickleEventWrapper, cucumber.api.testng.CucumberFeatureWrapper)[pri:0, instance:Features.TestRunner@74a6f9c1]" started-at="2020-12-14T10:42:38Z" name="feature" data-provider="features" finished-at="2020-12-14T10:43:05Z" duration-ms="26573" status="PASS">
          <params>
            <param index="0">
              <value>
                <![CDATA["In create login credential password should be accepted"]]>
              </value>
            </param>
            <param index="1">
              <value>
                <![CDATA["Add Employee"]]>
              </value>
            </param>
          </params>
          <reporter-output>
          </reporter-output>
        </test-method> <!-- feature -->
        <test-method signature="feature(cucumber.api.testng.PickleEventWrapper, cucumber.api.testng.CucumberFeatureWrapper)[pri:0, instance:Features.TestRunner@74a6f9c1]" started-at="2020-12-14T10:43:05Z" name="feature" data-provider="features" finished-at="2020-12-14T10:43:33Z" duration-ms="28719" status="PASS">
          <params>
            <param index="0">
              <value>
                <![CDATA["In create login credential password of incorrect format should not be accepted"]]>
              </value>
            </param>
            <param index="1">
              <value>
                <![CDATA["Add Employee"]]>
              </value>
            </param>
          </params>
          <reporter-output>
          </reporter-output>
        </test-method> <!-- feature -->
        <test-method signature="feature(cucumber.api.testng.PickleEventWrapper, cucumber.api.testng.CucumberFeatureWrapper)[pri:0, instance:Features.TestRunner@74a6f9c1]" started-at="2020-12-14T10:43:33Z" name="feature" data-provider="features" finished-at="2020-12-14T10:44:01Z" duration-ms="27437" status="FAIL">
          <params>
            <param index="0">
              <value>
                <![CDATA["In create login credential password of incorrect format should not be accepted"]]>
              </value>
            </param>
            <param index="1">
              <value>
                <![CDATA["Add Employee"]]>
              </value>
            </param>
          </params>
          <exception class="java.lang.AssertionError">
            <message>
              <![CDATA[expected [rgb(170, 73, 53)] but found [rgb(210, 209, 209)]]]>
            </message>
            <full-stacktrace>
              <![CDATA[java.lang.AssertionError: expected [rgb(170, 73, 53)] but found [rgb(210, 209, 209)]
at org.testng.Assert.fail(Assert.java:96)
at org.testng.Assert.failNotEquals(Assert.java:776)
at org.testng.Assert.assertEqualsImpl(Assert.java:137)
at org.testng.Assert.assertEquals(Assert.java:118)
at org.testng.Assert.assertEquals(Assert.java:453)
at org.testng.Assert.assertEquals(Assert.java:463)
at Features.StepDefLogin.password_textbox_does_display_any_error_message(StepDefLogin.java:169)
at ✽.password textbox does display any error message(Features/add_emp.feature:65)
]]>
            </full-stacktrace>
          </exception> <!-- java.lang.AssertionError -->
          <reporter-output>
          </reporter-output>
        </test-method> <!-- feature -->
        <test-method signature="feature(cucumber.api.testng.PickleEventWrapper, cucumber.api.testng.CucumberFeatureWrapper)[pri:0, instance:Features.TestRunner@74a6f9c1]" started-at="2020-12-14T10:44:01Z" name="feature" data-provider="features" finished-at="2020-12-14T10:44:32Z" duration-ms="31530" status="FAIL">
          <params>
            <param index="0">
              <value>
                <![CDATA["In create login credential password of incorrect format should not be accepted"]]>
              </value>
            </param>
            <param index="1">
              <value>
                <![CDATA["Add Employee"]]>
              </value>
            </param>
          </params>
          <exception class="java.lang.AssertionError">
            <message>
              <![CDATA[expected [rgb(170, 73, 53)] but found [rgb(210, 209, 209)]]]>
            </message>
            <full-stacktrace>
              <![CDATA[java.lang.AssertionError: expected [rgb(170, 73, 53)] but found [rgb(210, 209, 209)]
at org.testng.Assert.fail(Assert.java:96)
at org.testng.Assert.failNotEquals(Assert.java:776)
at org.testng.Assert.assertEqualsImpl(Assert.java:137)
at org.testng.Assert.assertEquals(Assert.java:118)
at org.testng.Assert.assertEquals(Assert.java:453)
at org.testng.Assert.assertEquals(Assert.java:463)
at Features.StepDefLogin.password_textbox_does_display_any_error_message(StepDefLogin.java:169)
at ✽.password textbox does display any error message(Features/add_emp.feature:65)
]]>
            </full-stacktrace>
          </exception> <!-- java.lang.AssertionError -->
          <reporter-output>
          </reporter-output>
        </test-method> <!-- feature -->
        <test-method signature="feature(cucumber.api.testng.PickleEventWrapper, cucumber.api.testng.CucumberFeatureWrapper)[pri:0, instance:Features.TestRunner@74a6f9c1]" started-at="2020-12-14T10:44:32Z" name="feature" data-provider="features" finished-at="2020-12-14T10:45:15Z" duration-ms="42184" status="FAIL">
          <params>
            <param index="0">
              <value>
                <![CDATA["In create login credential password of incorrect format should not be accepted"]]>
              </value>
            </param>
            <param index="1">
              <value>
                <![CDATA["Add Employee"]]>
              </value>
            </param>
          </params>
          <exception class="java.lang.AssertionError">
            <message>
              <![CDATA[expected [rgb(170, 73, 53)] but found [rgb(210, 209, 209)]]]>
            </message>
            <full-stacktrace>
              <![CDATA[java.lang.AssertionError: expected [rgb(170, 73, 53)] but found [rgb(210, 209, 209)]
at org.testng.Assert.fail(Assert.java:96)
at org.testng.Assert.failNotEquals(Assert.java:776)
at org.testng.Assert.assertEqualsImpl(Assert.java:137)
at org.testng.Assert.assertEquals(Assert.java:118)
at org.testng.Assert.assertEquals(Assert.java:453)
at org.testng.Assert.assertEquals(Assert.java:463)
at Features.StepDefLogin.password_textbox_does_display_any_error_message(StepDefLogin.java:169)
at ✽.password textbox does display any error message(Features/add_emp.feature:65)
]]>
            </full-stacktrace>
          </exception> <!-- java.lang.AssertionError -->
          <reporter-output>
          </reporter-output>
        </test-method> <!-- feature -->
        <test-method is-config="true" signature="tearDownClass()[pri:0, instance:Features.TestRunner@74a6f9c1]" started-at="2020-12-14T10:45:15Z" name="tearDownClass" finished-at="2020-12-14T10:45:15Z" duration-ms="192" status="PASS">
          <reporter-output>
          </reporter-output>
        </test-method> <!-- tearDownClass -->
      </class> <!-- Features.TestRunner -->
    </test> <!-- Default test -->
  </suite> <!-- Default suite -->
</testng-results>
